2025-08-18 11:16:58,264 - database_performance - INFO - Database query monitoring enabled
2025-08-18 11:16:58,265 - database_performance - INFO - Database connection pool optimized for SQLite
2025-08-18 11:16:58,270 - database_performance - ERROR - Failed to create index idx_users_role_active: (sqlite3.OperationalError) no such table: main.users
[SQL: CREATE INDEX IF NOT EXISTS idx_users_role_active ON users (role, is_active)]
(Background on this error at: https://sqlalche.me/e/20/e3q8)
2025-08-18 11:16:58,271 - database_performance - ERROR - Failed to create index idx_users_created_at: (sqlite3.OperationalError) no such table: main.users
[SQL: CREATE INDEX IF NOT EXISTS idx_users_created_at ON users (created_at)]
(Background on this error at: https://sqlalche.me/e/20/e3q8)
2025-08-18 11:16:58,271 - database_performance - ERROR - Failed to create index idx_availability_date_range: (sqlite3.OperationalError) no such table: main.availability
[SQL: CREATE INDEX IF NOT EXISTS idx_availability_date_range ON availability (date, start_time, end_time)]
(Background on this error at: https://sqlalche.me/e/20/e3q8)
2025-08-18 11:16:58,271 - database_performance - ERROR - Failed to create index idx_availability_user_date_time: (sqlite3.OperationalError) no such table: main.availability
[SQL: CREATE INDEX IF NOT EXISTS idx_availability_user_date_time ON availability (user_id, date, start_time)]
(Background on this error at: https://sqlalche.me/e/20/e3q8)
2025-08-18 11:16:58,271 - database_performance - ERROR - Failed to create index idx_availability_future_dates: (sqlite3.OperationalError) no such table: main.availability
[SQL: CREATE INDEX IF NOT EXISTS idx_availability_future_dates ON availability (date) WHERE date >= date("now")]
(Background on this error at: https://sqlalche.me/e/20/e3q8)
2025-08-18 11:16:58,271 - database_performance - ERROR - Failed to create index idx_comments_user_created: (sqlite3.OperationalError) no such table: main.comments
[SQL: CREATE INDEX IF NOT EXISTS idx_comments_user_created ON comments (user_id, created_at)]
(Background on this error at: https://sqlalche.me/e/20/e3q8)
2025-08-18 11:16:58,271 - database_performance - ERROR - Failed to create index idx_comments_recent: (sqlite3.OperationalError) no such table: main.comments
[SQL: CREATE INDEX IF NOT EXISTS idx_comments_recent ON comments (created_at)]
(Background on this error at: https://sqlalche.me/e/20/e3q8)
2025-08-18 11:16:58,271 - database_performance - ERROR - Failed to create index idx_admin_actions_admin_date: (sqlite3.OperationalError) no such table: main.admin_actions
[SQL: CREATE INDEX IF NOT EXISTS idx_admin_actions_admin_date ON admin_actions (admin_user_id, created_at)]
(Background on this error at: https://sqlalche.me/e/20/e3q8)
2025-08-18 11:16:58,271 - database_performance - ERROR - Failed to create index idx_admin_actions_target_lookup: (sqlite3.OperationalError) no such table: main.admin_actions
[SQL: CREATE INDEX IF NOT EXISTS idx_admin_actions_target_lookup ON admin_actions (target_type, target_id, created_at)]
(Background on this error at: https://sqlalche.me/e/20/e3q8)
2025-08-18 11:16:58,271 - database_performance - INFO - All performance indexes already exist
2025-08-18 11:16:58,272 - database_performance - INFO - Database performance monitoring initialized successfully
2025-08-18 11:18:38,891 - database_performance - INFO - Database query monitoring enabled
2025-08-18 11:18:38,891 - database_performance - INFO - Database connection pool optimized for SQLite
2025-08-18 11:18:38,893 - database_performance - ERROR - Failed to create index idx_users_role_active: (sqlite3.OperationalError) no such table: main.users
[SQL: CREATE INDEX IF NOT EXISTS idx_users_role_active ON users (role, is_active)]
(Background on this error at: https://sqlalche.me/e/20/e3q8)
2025-08-18 11:18:38,893 - database_performance - ERROR - Failed to create index idx_users_created_at: (sqlite3.OperationalError) no such table: main.users
[SQL: CREATE INDEX IF NOT EXISTS idx_users_created_at ON users (created_at)]
(Background on this error at: https://sqlalche.me/e/20/e3q8)
2025-08-18 11:18:38,893 - database_performance - ERROR - Failed to create index idx_availability_date_range: (sqlite3.OperationalError) no such table: main.availability
[SQL: CREATE INDEX IF NOT EXISTS idx_availability_date_range ON availability (date, start_time, end_time)]
(Background on this error at: https://sqlalche.me/e/20/e3q8)
2025-08-18 11:18:38,893 - database_performance - ERROR - Failed to create index idx_availability_user_date_time: (sqlite3.OperationalError) no such table: main.availability
[SQL: CREATE INDEX IF NOT EXISTS idx_availability_user_date_time ON availability (user_id, date, start_time)]
(Background on this error at: https://sqlalche.me/e/20/e3q8)
2025-08-18 11:18:38,893 - database_performance - ERROR - Failed to create index idx_availability_future_dates: (sqlite3.OperationalError) no such table: main.availability
[SQL: CREATE INDEX IF NOT EXISTS idx_availability_future_dates ON availability (date) WHERE date >= date("now")]
(Background on this error at: https://sqlalche.me/e/20/e3q8)
2025-08-18 11:18:38,893 - database_performance - ERROR - Failed to create index idx_comments_user_created: (sqlite3.OperationalError) no such table: main.comments
[SQL: CREATE INDEX IF NOT EXISTS idx_comments_user_created ON comments (user_id, created_at)]
(Background on this error at: https://sqlalche.me/e/20/e3q8)
2025-08-18 11:18:38,893 - database_performance - ERROR - Failed to create index idx_comments_recent: (sqlite3.OperationalError) no such table: main.comments
[SQL: CREATE INDEX IF NOT EXISTS idx_comments_recent ON comments (created_at)]
(Background on this error at: https://sqlalche.me/e/20/e3q8)
2025-08-18 11:18:38,894 - database_performance - ERROR - Failed to create index idx_admin_actions_admin_date: (sqlite3.OperationalError) no such table: main.admin_actions
[SQL: CREATE INDEX IF NOT EXISTS idx_admin_actions_admin_date ON admin_actions (admin_user_id, created_at)]
(Background on this error at: https://sqlalche.me/e/20/e3q8)
2025-08-18 11:18:38,896 - database_performance - ERROR - Failed to create index idx_admin_actions_target_lookup: (sqlite3.OperationalError) no such table: main.admin_actions
[SQL: CREATE INDEX IF NOT EXISTS idx_admin_actions_target_lookup ON admin_actions (target_type, target_id, created_at)]
(Background on this error at: https://sqlalche.me/e/20/e3q8)
2025-08-18 11:18:38,897 - database_performance - INFO - All performance indexes already exist
2025-08-18 11:18:38,897 - database_performance - INFO - Database performance monitoring initialized successfully
2025-08-18 11:18:38,958 - database_performance - INFO - Database query monitoring enabled
2025-08-18 11:18:38,958 - database_performance - INFO - Database connection pool optimized for SQLite
2025-08-18 11:18:38,959 - database_performance - ERROR - Failed to create index idx_users_role_active: (sqlite3.OperationalError) no such table: main.users
[SQL: CREATE INDEX IF NOT EXISTS idx_users_role_active ON users (role, is_active)]
(Background on this error at: https://sqlalche.me/e/20/e3q8)
2025-08-18 11:18:38,959 - database_performance - ERROR - Failed to create index idx_users_created_at: (sqlite3.OperationalError) no such table: main.users
[SQL: CREATE INDEX IF NOT EXISTS idx_users_created_at ON users (created_at)]
(Background on this error at: https://sqlalche.me/e/20/e3q8)
2025-08-18 11:18:38,959 - database_performance - ERROR - Failed to create index idx_availability_date_range: (sqlite3.OperationalError) no such table: main.availability
[SQL: CREATE INDEX IF NOT EXISTS idx_availability_date_range ON availability (date, start_time, end_time)]
(Background on this error at: https://sqlalche.me/e/20/e3q8)
2025-08-18 11:18:38,959 - database_performance - ERROR - Failed to create index idx_availability_user_date_time: (sqlite3.OperationalError) no such table: main.availability
[SQL: CREATE INDEX IF NOT EXISTS idx_availability_user_date_time ON availability (user_id, date, start_time)]
(Background on this error at: https://sqlalche.me/e/20/e3q8)
2025-08-18 11:18:38,959 - database_performance - ERROR - Failed to create index idx_availability_future_dates: (sqlite3.OperationalError) no such table: main.availability
[SQL: CREATE INDEX IF NOT EXISTS idx_availability_future_dates ON availability (date) WHERE date >= date("now")]
(Background on this error at: https://sqlalche.me/e/20/e3q8)
2025-08-18 11:18:38,959 - database_performance - ERROR - Failed to create index idx_comments_user_created: (sqlite3.OperationalError) no such table: main.comments
[SQL: CREATE INDEX IF NOT EXISTS idx_comments_user_created ON comments (user_id, created_at)]
(Background on this error at: https://sqlalche.me/e/20/e3q8)
2025-08-18 11:18:38,960 - database_performance - ERROR - Failed to create index idx_comments_recent: (sqlite3.OperationalError) no such table: main.comments
[SQL: CREATE INDEX IF NOT EXISTS idx_comments_recent ON comments (created_at)]
(Background on this error at: https://sqlalche.me/e/20/e3q8)
2025-08-18 11:18:38,960 - database_performance - ERROR - Failed to create index idx_admin_actions_admin_date: (sqlite3.OperationalError) no such table: main.admin_actions
[SQL: CREATE INDEX IF NOT EXISTS idx_admin_actions_admin_date ON admin_actions (admin_user_id, created_at)]
(Background on this error at: https://sqlalche.me/e/20/e3q8)
2025-08-18 11:18:38,960 - database_performance - ERROR - Failed to create index idx_admin_actions_target_lookup: (sqlite3.OperationalError) no such table: main.admin_actions
[SQL: CREATE INDEX IF NOT EXISTS idx_admin_actions_target_lookup ON admin_actions (target_type, target_id, created_at)]
(Background on this error at: https://sqlalche.me/e/20/e3q8)
2025-08-18 11:18:38,960 - database_performance - INFO - All performance indexes already exist
2025-08-18 11:18:38,960 - database_performance - INFO - Database performance monitoring initialized successfully
2025-08-18 11:19:43,897 - database_performance - INFO - Database query monitoring enabled
2025-08-18 11:19:43,897 - database_performance - INFO - Database connection pool optimized for SQLite
2025-08-18 11:19:43,897 - database_performance - INFO - Database performance monitoring initialized successfully
2025-08-18 11:19:43,956 - database_performance - INFO - Added performance index: idx_users_role_active
2025-08-18 11:19:43,956 - database_performance - INFO - Added performance index: idx_users_created_at
2025-08-18 11:19:43,956 - database_performance - INFO - Added performance index: idx_availability_date_range
2025-08-18 11:19:43,956 - database_performance - INFO - Added performance index: idx_availability_user_date_time
2025-08-18 11:19:43,956 - database_performance - INFO - Added performance index: idx_availability_future_dates
2025-08-18 11:19:43,957 - database_performance - INFO - Added performance index: idx_comments_user_created
2025-08-18 11:19:43,957 - database_performance - INFO - Added performance index: idx_comments_recent
2025-08-18 11:19:43,957 - database_performance - INFO - Added performance index: idx_admin_actions_admin_date
2025-08-18 11:19:43,957 - database_performance - INFO - Added performance index: idx_admin_actions_target_lookup
2025-08-18 11:19:43,957 - database_performance - INFO - Successfully added 9 performance indexes
2025-08-18 11:19:44,147 - database_performance - WARNING - Cache key generation failed: Function.__init__() got an unexpected keyword argument 'else_'
2025-08-18 11:19:44,149 - database_performance - INFO - Database query monitoring enabled
2025-08-18 11:19:44,149 - database_performance - INFO - Database connection pool optimized for SQLite
2025-08-18 11:19:44,150 - database_performance - INFO - Database performance monitoring initialized successfully
2025-08-18 11:20:17,295 - database_performance - INFO - Database query monitoring enabled
2025-08-18 11:20:17,295 - database_performance - INFO - Database connection pool optimized for SQLite
2025-08-18 11:20:17,295 - database_performance - INFO - Database performance monitoring initialized successfully
2025-08-18 11:20:17,347 - database_performance - INFO - Added performance index: idx_users_role_active
2025-08-18 11:20:17,347 - database_performance - INFO - Added performance index: idx_users_created_at
2025-08-18 11:20:17,347 - database_performance - INFO - Added performance index: idx_availability_date_range
2025-08-18 11:20:17,347 - database_performance - INFO - Added performance index: idx_availability_user_date_time
2025-08-18 11:20:17,347 - database_performance - INFO - Added performance index: idx_availability_future_dates
2025-08-18 11:20:17,348 - database_performance - INFO - Added performance index: idx_comments_user_created
2025-08-18 11:20:17,348 - database_performance - INFO - Added performance index: idx_comments_recent
2025-08-18 11:20:17,348 - database_performance - INFO - Added performance index: idx_admin_actions_admin_date
2025-08-18 11:20:17,348 - database_performance - INFO - Added performance index: idx_admin_actions_target_lookup
2025-08-18 11:20:17,348 - database_performance - INFO - Successfully added 9 performance indexes
2025-08-18 11:20:17,740 - database_performance - INFO - Database query monitoring enabled
2025-08-18 11:20:17,740 - database_performance - INFO - Database connection pool optimized for SQLite
2025-08-18 11:20:17,740 - database_performance - INFO - Database performance monitoring initialized successfully
2025-08-18 11:21:24,238 - database_performance - INFO - Database query monitoring enabled
2025-08-18 11:21:24,238 - database_performance - INFO - Database connection pool optimized for SQLite
2025-08-18 11:21:24,238 - database_performance - INFO - Database performance monitoring initialized successfully
2025-08-18 11:21:24,282 - database_performance - INFO - Added performance index: idx_users_role_active
2025-08-18 11:21:24,283 - database_performance - INFO - Added performance index: idx_users_created_at
2025-08-18 11:21:24,283 - database_performance - INFO - Added performance index: idx_availability_date_range
2025-08-18 11:21:24,283 - database_performance - INFO - Added performance index: idx_availability_user_date_time
2025-08-18 11:21:24,284 - database_performance - INFO - Added performance index: idx_availability_future_dates
2025-08-18 11:21:24,284 - database_performance - INFO - Added performance index: idx_comments_user_created
2025-08-18 11:21:24,284 - database_performance - INFO - Added performance index: idx_comments_recent
2025-08-18 11:21:24,284 - database_performance - INFO - Added performance index: idx_admin_actions_admin_date
2025-08-18 11:21:24,284 - database_performance - INFO - Added performance index: idx_admin_actions_target_lookup
2025-08-18 11:21:24,284 - database_performance - INFO - Successfully added 9 performance indexes
2025-08-18 11:21:24,653 - database_performance - INFO - Database query monitoring enabled
2025-08-18 11:21:24,654 - database_performance - INFO - Database connection pool optimized for SQLite
2025-08-18 11:21:24,654 - database_performance - INFO - Database performance monitoring initialized successfully
2025-08-18 11:21:24,663 - database_performance - INFO - Database query monitoring enabled
2025-08-18 11:21:24,663 - database_performance - INFO - Database connection pool optimized for SQLite
2025-08-18 11:21:24,663 - database_performance - INFO - Database performance monitoring initialized successfully
2025-08-18 11:21:24,663 - database_performance - INFO - Added performance index: idx_users_role_active
2025-08-18 11:21:24,664 - database_performance - INFO - Added performance index: idx_users_created_at
2025-08-18 11:21:24,664 - database_performance - INFO - Added performance index: idx_availability_date_range
2025-08-18 11:21:24,664 - database_performance - INFO - Added performance index: idx_availability_user_date_time
2025-08-18 11:21:24,664 - database_performance - INFO - Added performance index: idx_availability_future_dates
2025-08-18 11:21:24,664 - database_performance - INFO - Added performance index: idx_comments_user_created
2025-08-18 11:21:24,664 - database_performance - INFO - Added performance index: idx_comments_recent
2025-08-18 11:21:24,664 - database_performance - INFO - Added performance index: idx_admin_actions_admin_date
2025-08-18 11:21:24,665 - database_performance - INFO - Added performance index: idx_admin_actions_target_lookup
2025-08-18 11:21:24,665 - database_performance - INFO - Successfully added 9 performance indexes
2025-08-18 11:21:48,617 - database_performance - INFO - Database query monitoring enabled
2025-08-18 11:21:48,618 - database_performance - INFO - Database connection pool optimized for SQLite
2025-08-18 11:21:48,619 - database_performance - INFO - Database performance monitoring initialized successfully
2025-08-18 11:35:52,107 - database_performance - INFO - Database query monitoring enabled
2025-08-18 11:35:52,107 - database_performance - INFO - Database connection pool optimized for SQLite
2025-08-18 11:35:52,108 - database_performance - INFO - Database performance monitoring initialized successfully
2025-08-18 11:36:24,929 - database_performance - INFO - Database query monitoring enabled
2025-08-18 11:36:24,930 - database_performance - INFO - Database connection pool optimized for SQLite
2025-08-18 11:36:24,930 - database_performance - INFO - Database performance monitoring initialized successfully
2025-08-18 11:37:24,539 - database_performance - INFO - Database query monitoring enabled
2025-08-18 11:37:24,540 - database_performance - INFO - Database connection pool optimized for SQLite
2025-08-18 11:37:24,540 - database_performance - INFO - Database performance monitoring initialized successfully
2025-08-18 11:54:22,168 - database_performance - INFO - Database query monitoring enabled
2025-08-18 11:54:22,168 - database_performance - INFO - Database connection pool optimized for SQLite
2025-08-18 11:54:22,168 - database_performance - INFO - Database performance monitoring initialized successfully
2025-08-18 11:54:35,260 - database_performance - INFO - Database query monitoring enabled
2025-08-18 11:54:35,260 - database_performance - INFO - Database connection pool optimized for SQLite
2025-08-18 11:54:35,261 - database_performance - INFO - Database performance monitoring initialized successfully
2025-08-18 11:54:35,925 - database_performance - INFO - Database query monitoring enabled
2025-08-18 11:54:35,926 - database_performance - INFO - Database connection pool optimized for SQLite
2025-08-18 11:54:35,926 - database_performance - INFO - Database performance monitoring initialized successfully
2025-08-18 11:55:48,045 - database_performance - INFO - Database query monitoring enabled
2025-08-18 11:55:48,046 - database_performance - INFO - Database connection pool optimized for SQLite
2025-08-18 11:55:48,046 - database_performance - INFO - Database performance monitoring initialized successfully
2025-08-18 11:56:06,051 - database_performance - INFO - Database query monitoring enabled
2025-08-18 11:56:06,051 - database_performance - INFO - Database connection pool optimized for SQLite
2025-08-18 11:56:06,051 - database_performance - INFO - Database performance monitoring initialized successfully
2025-08-18 11:56:25,370 - database_performance - INFO - Database query monitoring enabled
2025-08-18 11:56:25,370 - database_performance - INFO - Database connection pool optimized for SQLite
2025-08-18 11:56:25,370 - database_performance - INFO - Database performance monitoring initialized successfully
2025-08-18 11:57:34,794 - database_performance - INFO - Database query monitoring enabled
2025-08-18 11:57:34,794 - database_performance - INFO - Database connection pool optimized for SQLite
2025-08-18 11:57:34,794 - database_performance - INFO - Database performance monitoring initialized successfully
2025-08-18 12:00:59,930 - database_performance - INFO - Database query monitoring enabled
2025-08-18 12:00:59,930 - database_performance - INFO - Database connection pool optimized for SQLite
2025-08-18 12:00:59,930 - database_performance - INFO - Database performance monitoring initialized successfully
2025-08-18 12:01:22,386 - database_performance - INFO - Database query monitoring enabled
2025-08-18 12:01:22,387 - database_performance - INFO - Database connection pool optimized for SQLite
2025-08-18 12:01:22,387 - database_performance - INFO - Database performance monitoring initialized successfully
2025-08-18 12:01:48,437 - database_performance - INFO - Database query monitoring enabled
2025-08-18 12:01:48,437 - database_performance - INFO - Database connection pool optimized for SQLite
2025-08-18 12:01:48,437 - database_performance - INFO - Database performance monitoring initialized successfully
2025-08-18 12:03:12,805 - database_performance - INFO - Database query monitoring enabled
2025-08-18 12:03:12,806 - database_performance - INFO - Database connection pool optimized for SQLite
2025-08-18 12:03:12,806 - database_performance - INFO - Database performance monitoring initialized successfully
2025-08-18 12:03:49,277 - database_performance - INFO - Database query monitoring enabled
2025-08-18 12:03:49,277 - database_performance - INFO - Database connection pool optimized for SQLite
2025-08-18 12:03:49,277 - database_performance - INFO - Database performance monitoring initialized successfully
2025-08-18 12:04:09,301 - database_performance - INFO - Database query monitoring enabled
2025-08-18 12:04:09,301 - database_performance - INFO - Database connection pool optimized for SQLite
2025-08-18 12:04:09,301 - database_performance - INFO - Database performance monitoring initialized successfully
2025-08-18 12:05:50,193 - database_performance - INFO - Database query monitoring enabled
2025-08-18 12:05:50,193 - database_performance - INFO - Database connection pool optimized for SQLite
2025-08-18 12:05:50,194 - database_performance - INFO - Database performance monitoring initialized successfully
2025-08-18 12:05:50,827 - database_performance - INFO - Database query monitoring enabled
2025-08-18 12:05:50,827 - database_performance - INFO - Database connection pool optimized for SQLite
2025-08-18 12:05:50,828 - database_performance - INFO - Database performance monitoring initialized successfully
2025-08-18 12:08:01,107 - database_performance - INFO - Database query monitoring enabled
2025-08-18 12:08:01,107 - database_performance - INFO - Database connection pool optimized for SQLite
2025-08-18 12:08:01,107 - database_performance - INFO - Database performance monitoring initialized successfully
2025-08-18 12:08:01,757 - database_performance - INFO - Database query monitoring enabled
2025-08-18 12:08:01,757 - database_performance - INFO - Database connection pool optimized for SQLite
2025-08-18 12:08:01,757 - database_performance - INFO - Database performance monitoring initialized successfully
2025-08-18 12:08:25,565 - database_performance - WARNING - Cache key generation failed: OptimizedQueries.<lambda>() missing 1 required positional argument: 'limit'
2025-08-18 12:09:49,793 - database_performance - INFO - Database query monitoring enabled
2025-08-18 12:09:49,794 - database_performance - INFO - Database connection pool optimized for SQLite
2025-08-18 12:09:49,794 - database_performance - INFO - Database performance monitoring initialized successfully
2025-08-18 12:09:50,476 - database_performance - INFO - Database query monitoring enabled
2025-08-18 12:09:50,477 - database_performance - INFO - Database connection pool optimized for SQLite
2025-08-18 12:09:50,477 - database_performance - INFO - Database performance monitoring initialized successfully
2025-08-18 13:33:10,790 - database_performance - INFO - Database query monitoring enabled
2025-08-18 13:33:10,790 - database_performance - INFO - Database connection pool optimized for SQLite
2025-08-18 13:33:10,791 - database_performance - INFO - Database performance monitoring initialized successfully
2025-08-18 13:33:11,572 - database_performance - INFO - Database query monitoring enabled
2025-08-18 13:33:11,573 - database_performance - INFO - Database connection pool optimized for SQLite
2025-08-18 13:33:11,573 - database_performance - INFO - Database performance monitoring initialized successfully
2025-08-18 13:41:43,796 - database_performance - INFO - Database query monitoring enabled
2025-08-18 13:41:43,797 - database_performance - INFO - Database connection pool optimized for SQLite
2025-08-18 13:41:43,797 - database_performance - INFO - Database performance monitoring initialized successfully
2025-08-18 13:41:44,460 - database_performance - INFO - Database query monitoring enabled
2025-08-18 13:41:44,460 - database_performance - INFO - Database connection pool optimized for SQLite
2025-08-18 13:41:44,461 - database_performance - INFO - Database performance monitoring initialized successfully
2025-08-18 14:03:24,160 - database_performance - INFO - Database query monitoring enabled
2025-08-18 14:03:24,161 - database_performance - INFO - Database connection pool optimized for SQLite
2025-08-18 14:03:24,161 - database_performance - INFO - Database performance monitoring initialized successfully
2025-08-18 14:03:25,247 - database_performance - INFO - Database query monitoring enabled
2025-08-18 14:03:25,248 - database_performance - INFO - Database connection pool optimized for SQLite
2025-08-18 14:03:25,248 - database_performance - INFO - Database performance monitoring initialized successfully
2025-08-18 14:07:36,196 - database_performance - INFO - Database query monitoring enabled
2025-08-18 14:07:36,197 - database_performance - INFO - Database connection pool optimized for SQLite
2025-08-18 14:07:36,197 - database_performance - INFO - Database performance monitoring initialized successfully
2025-08-18 14:07:37,027 - database_performance - INFO - Database query monitoring enabled
2025-08-18 14:07:37,028 - database_performance - INFO - Database connection pool optimized for SQLite
2025-08-18 14:07:37,028 - database_performance - INFO - Database performance monitoring initialized successfully
2025-08-18 14:19:45,711 - database_performance - INFO - Database query monitoring enabled
2025-08-18 14:19:45,711 - database_performance - INFO - Database connection pool optimized for SQLite
2025-08-18 14:19:45,712 - database_performance - INFO - Database performance monitoring initialized successfully
2025-08-18 14:19:46,788 - database_performance - INFO - Database query monitoring enabled
2025-08-18 14:19:46,789 - database_performance - INFO - Database connection pool optimized for SQLite
2025-08-18 14:19:46,790 - database_performance - INFO - Database performance monitoring initialized successfully
2025-08-19 09:00:29,256 - database_performance - INFO - Database query monitoring enabled
2025-08-19 09:00:29,256 - database_performance - INFO - Database connection pool optimized for SQLite
2025-08-19 09:00:29,256 - database_performance - INFO - Database performance monitoring initialized successfully
2025-08-19 09:00:29,889 - database_performance - INFO - Database query monitoring enabled
2025-08-19 09:00:29,890 - database_performance - INFO - Database connection pool optimized for SQLite
2025-08-19 09:00:29,890 - database_performance - INFO - Database performance monitoring initialized successfully
2025-08-19 09:09:26,489 - database_performance - INFO - Database query monitoring enabled
2025-08-19 09:09:26,489 - database_performance - INFO - Database connection pool optimized for SQLite
2025-08-19 09:09:26,489 - database_performance - INFO - Database performance monitoring initialized successfully
2025-08-19 09:09:27,138 - database_performance - INFO - Database query monitoring enabled
2025-08-19 09:09:27,139 - database_performance - INFO - Database connection pool optimized for SQLite
2025-08-19 09:09:27,139 - database_performance - INFO - Database performance monitoring initialized successfully
2025-08-19 09:09:55,441 - database_performance - WARNING - Cache key generation failed: OptimizedQueries.<lambda>() missing 1 required positional argument: 'limit'
2025-08-19 09:10:44,263 - database_performance - INFO - Database query monitoring enabled
2025-08-19 09:10:44,264 - database_performance - INFO - Database connection pool optimized for SQLite
2025-08-19 09:10:44,264 - database_performance - INFO - Database performance monitoring initialized successfully
2025-08-19 09:16:50,653 - database_performance - INFO - Database query monitoring enabled
2025-08-19 09:16:50,655 - database_performance - INFO - Database connection pool optimized for SQLite
2025-08-19 09:16:50,655 - database_performance - INFO - Database performance monitoring initialized successfully
2025-08-19 09:16:51,282 - database_performance - INFO - Database query monitoring enabled
2025-08-19 09:16:51,283 - database_performance - INFO - Database connection pool optimized for SQLite
2025-08-19 09:16:51,284 - database_performance - INFO - Database performance monitoring initialized successfully
2025-08-19 09:17:09,341 - database_performance - WARNING - Cache key generation failed: OptimizedQueries.<lambda>() missing 1 required positional argument: 'limit'
2025-08-19 09:18:23,566 - database_performance - INFO - Database query monitoring enabled
2025-08-19 09:18:23,567 - database_performance - INFO - Database connection pool optimized for SQLite
2025-08-19 09:18:23,567 - database_performance - INFO - Database performance monitoring initialized successfully
2025-08-19 09:23:46,777 - database_performance - INFO - Database query monitoring enabled
2025-08-19 09:23:46,778 - database_performance - INFO - Database connection pool optimized for SQLite
2025-08-19 09:23:46,779 - database_performance - INFO - Database performance monitoring initialized successfully
2025-08-19 09:34:54,600 - database_performance - INFO - Database query monitoring enabled
2025-08-19 09:34:54,600 - database_performance - INFO - Database connection pool optimized for SQLite
2025-08-19 09:34:54,600 - database_performance - INFO - Database performance monitoring initialized successfully
2025-08-19 09:34:55,233 - database_performance - INFO - Database query monitoring enabled
2025-08-19 09:34:55,233 - database_performance - INFO - Database connection pool optimized for SQLite
2025-08-19 09:34:55,234 - database_performance - INFO - Database performance monitoring initialized successfully
2025-08-19 09:35:18,072 - database_performance - WARNING - Cache key generation failed: OptimizedQueries.<lambda>() missing 1 required positional argument: 'limit'
2025-08-19 09:36:42,066 - database_performance - INFO - Database query monitoring enabled
2025-08-19 09:36:42,067 - database_performance - INFO - Database connection pool optimized for SQLite
2025-08-19 09:36:42,067 - database_performance - INFO - Database performance monitoring initialized successfully
2025-08-19 09:36:42,712 - database_performance - INFO - Database query monitoring enabled
2025-08-19 09:36:42,713 - database_performance - INFO - Database connection pool optimized for SQLite
2025-08-19 09:36:42,713 - database_performance - INFO - Database performance monitoring initialized successfully
2025-08-19 09:39:01,927 - database_performance - INFO - Database query monitoring enabled
2025-08-19 09:39:01,927 - database_performance - INFO - Database connection pool optimized for SQLite
2025-08-19 09:39:01,927 - database_performance - INFO - Database performance monitoring initialized successfully
2025-08-19 09:39:35,856 - database_performance - INFO - Database query monitoring enabled
2025-08-19 09:39:35,857 - database_performance - INFO - Database connection pool optimized for SQLite
2025-08-19 09:39:35,857 - database_performance - INFO - Database performance monitoring initialized successfully
2025-08-19 09:41:35,619 - database_performance - INFO - Database query monitoring enabled
2025-08-19 09:41:35,619 - database_performance - INFO - Database connection pool optimized for SQLite
2025-08-19 09:41:35,619 - database_performance - INFO - Database performance monitoring initialized successfully
2025-08-19 09:42:04,871 - database_performance - INFO - Database query monitoring enabled
2025-08-19 09:42:04,871 - database_performance - INFO - Database connection pool optimized for SQLite
2025-08-19 09:42:04,872 - database_performance - INFO - Database performance monitoring initialized successfully
2025-08-19 09:42:54,984 - database_performance - INFO - Database query monitoring enabled
2025-08-19 09:42:54,985 - database_performance - INFO - Database connection pool optimized for SQLite
2025-08-19 09:42:54,986 - database_performance - INFO - Database performance monitoring initialized successfully
2025-08-19 09:42:55,877 - database_performance - INFO - Database query monitoring enabled
2025-08-19 09:42:55,877 - database_performance - INFO - Database connection pool optimized for SQLite
2025-08-19 09:42:55,878 - database_performance - INFO - Database performance monitoring initialized successfully
2025-08-19 09:43:37,420 - database_performance - WARNING - Cache key generation failed: OptimizedQueries.<lambda>() missing 1 required positional argument: 'limit'
2025-08-19 09:43:54,800 - database_performance - WARNING - Cache key generation failed: OptimizedQueries.<lambda>() missing 1 required positional argument: 'limit'
2025-08-19 09:43:59,855 - database_performance - WARNING - Cache key generation failed: OptimizedQueries.<lambda>() missing 1 required positional argument: 'limit'
2025-08-19 09:44:24,753 - database_performance - INFO - Cache invalidated with pattern: availability_.*
2025-08-19 09:44:24,754 - database_performance - INFO - Cache invalidated with pattern: content_stats
2025-08-19 09:44:24,754 - database_performance - INFO - Cache invalidated with pattern: daily_availability_.*
2025-08-19 09:44:24,755 - database_performance - INFO - Cache invalidated with pattern: user_availability_2_.*
2025-08-19 09:44:24,755 - database_performance - INFO - Cache invalidated with pattern: daily_availability_2025-08-21
2025-08-19 09:44:24,756 - database_performance - INFO - Cache invalidated with pattern: availability_range_.*2025-08-21.*
2025-08-19 09:44:42,220 - database_performance - WARNING - Cache key generation failed: OptimizedQueries.<lambda>() missing 1 required positional argument: 'limit'
2025-08-19 09:44:45,014 - database_performance - WARNING - Cache key generation failed: OptimizedQueries.<lambda>() missing 1 required positional argument: 'limit'
2025-08-19 09:44:47,985 - database_performance - WARNING - Cache key generation failed: OptimizedQueries.<lambda>() missing 1 required positional argument: 'limit'
2025-08-19 09:45:38,651 - database_performance - WARNING - Cache key generation failed: OptimizedQueries.<lambda>() missing 1 required positional argument: 'limit'
2025-08-19 09:46:07,719 - database_performance - WARNING - Cache key generation failed: OptimizedQueries.<lambda>() missing 1 required positional argument: 'limit'
2025-08-19 09:46:26,109 - database_performance - WARNING - Cache key generation failed: OptimizedQueries.<lambda>() missing 1 required positional argument: 'limit'
2025-08-19 09:47:23,614 - database_performance - WARNING - Cache key generation failed: OptimizedQueries.<lambda>() missing 1 required positional argument: 'limit'
2025-08-19 09:49:46,137 - database_performance - WARNING - Cache key generation failed: OptimizedQueries.<lambda>() missing 1 required positional argument: 'limit'
2025-08-19 09:51:36,438 - database_performance - INFO - Database query monitoring enabled
2025-08-19 09:51:36,439 - database_performance - INFO - Database connection pool optimized for SQLite
2025-08-19 09:51:36,440 - database_performance - INFO - Database performance monitoring initialized successfully
2025-08-19 09:51:37,115 - database_performance - INFO - Database query monitoring enabled
2025-08-19 09:51:37,115 - database_performance - INFO - Database connection pool optimized for SQLite
2025-08-19 09:51:37,115 - database_performance - INFO - Database performance monitoring initialized successfully
2025-08-19 09:51:39,170 - database_performance - INFO - Database query monitoring enabled
2025-08-19 09:51:39,171 - database_performance - INFO - Database connection pool optimized for SQLite
2025-08-19 09:51:39,171 - database_performance - INFO - Database performance monitoring initialized successfully
2025-08-19 09:51:44,400 - database_performance - INFO - Database query monitoring enabled
2025-08-19 09:51:44,401 - database_performance - INFO - Database connection pool optimized for SQLite
2025-08-19 09:51:44,401 - database_performance - INFO - Database performance monitoring initialized successfully
2025-08-19 09:51:48,435 - database_performance - INFO - Database query monitoring enabled
2025-08-19 09:51:48,435 - database_performance - INFO - Database connection pool optimized for SQLite
2025-08-19 09:51:48,435 - database_performance - INFO - Database performance monitoring initialized successfully
2025-08-19 09:51:56,444 - database_performance - INFO - Database query monitoring enabled
2025-08-19 09:51:56,445 - database_performance - INFO - Database connection pool optimized for SQLite
2025-08-19 09:51:56,445 - database_performance - INFO - Database performance monitoring initialized successfully
2025-08-19 09:52:05,263 - database_performance - INFO - Database query monitoring enabled
2025-08-19 09:52:05,264 - database_performance - INFO - Database connection pool optimized for SQLite
2025-08-19 09:52:05,264 - database_performance - INFO - Database performance monitoring initialized successfully
2025-08-19 09:52:56,526 - database_performance - INFO - Database query monitoring enabled
2025-08-19 09:52:56,526 - database_performance - INFO - Database connection pool optimized for SQLite
2025-08-19 09:52:56,526 - database_performance - INFO - Database performance monitoring initialized successfully
2025-08-19 09:53:31,223 - database_performance - INFO - Database query monitoring enabled
2025-08-19 09:53:31,224 - database_performance - INFO - Database connection pool optimized for SQLite
2025-08-19 09:53:31,224 - database_performance - INFO - Database performance monitoring initialized successfully
2025-08-19 09:55:00,644 - database_performance - INFO - Database query monitoring enabled
2025-08-19 09:55:00,644 - database_performance - INFO - Database connection pool optimized for SQLite
2025-08-19 09:55:00,645 - database_performance - INFO - Database performance monitoring initialized successfully
2025-08-19 09:55:01,271 - database_performance - INFO - Database query monitoring enabled
2025-08-19 09:55:01,272 - database_performance - INFO - Database connection pool optimized for SQLite
2025-08-19 09:55:01,272 - database_performance - INFO - Database performance monitoring initialized successfully
2025-08-19 09:57:46,771 - database_performance - INFO - Database query monitoring enabled
2025-08-19 09:57:46,772 - database_performance - INFO - Database connection pool optimized for SQLite
2025-08-19 09:57:46,772 - database_performance - INFO - Database performance monitoring initialized successfully
2025-08-19 09:57:58,852 - database_performance - INFO - Database query monitoring enabled
2025-08-19 09:57:58,852 - database_performance - INFO - Database connection pool optimized for SQLite
2025-08-19 09:57:58,852 - database_performance - INFO - Database performance monitoring initialized successfully
2025-08-19 09:57:59,446 - database_performance - INFO - Database query monitoring enabled
2025-08-19 09:57:59,446 - database_performance - INFO - Database connection pool optimized for SQLite
2025-08-19 09:57:59,447 - database_performance - INFO - Database performance monitoring initialized successfully
2025-08-19 09:58:12,052 - database_performance - INFO - Database query monitoring enabled
2025-08-19 09:58:12,053 - database_performance - INFO - Database connection pool optimized for SQLite
2025-08-19 09:58:12,053 - database_performance - INFO - Database performance monitoring initialized successfully
2025-08-19 09:58:12,649 - database_performance - INFO - Database query monitoring enabled
2025-08-19 09:58:12,649 - database_performance - INFO - Database connection pool optimized for SQLite
2025-08-19 09:58:12,650 - database_performance - INFO - Database performance monitoring initialized successfully
2025-08-19 09:58:22,034 - database_performance - WARNING - Cache key generation failed: OptimizedQueries.<lambda>() missing 1 required positional argument: 'limit'
2025-08-19 10:01:31,660 - database_performance - INFO - Database query monitoring enabled
2025-08-19 10:01:31,660 - database_performance - INFO - Database connection pool optimized for SQLite
2025-08-19 10:01:31,660 - database_performance - INFO - Database performance monitoring initialized successfully
2025-08-19 10:01:32,276 - database_performance - INFO - Database query monitoring enabled
2025-08-19 10:01:32,277 - database_performance - INFO - Database connection pool optimized for SQLite
2025-08-19 10:01:32,277 - database_performance - INFO - Database performance monitoring initialized successfully
2025-08-19 10:07:22,417 - database_performance - INFO - Database query monitoring enabled
2025-08-19 10:07:22,418 - database_performance - INFO - Database connection pool optimized for SQLite
2025-08-19 10:07:22,418 - database_performance - INFO - Database performance monitoring initialized successfully
2025-08-19 10:07:23,041 - database_performance - INFO - Database query monitoring enabled
2025-08-19 10:07:23,041 - database_performance - INFO - Database connection pool optimized for SQLite
2025-08-19 10:07:23,041 - database_performance - INFO - Database performance monitoring initialized successfully
2025-08-19 10:12:16,673 - database_performance - INFO - Database query monitoring enabled
2025-08-19 10:12:16,674 - database_performance - INFO - Database connection pool optimized for SQLite
2025-08-19 10:12:16,674 - database_performance - INFO - Database performance monitoring initialized successfully
2025-08-19 10:12:17,267 - database_performance - INFO - Database query monitoring enabled
2025-08-19 10:12:17,267 - database_performance - INFO - Database connection pool optimized for SQLite
2025-08-19 10:12:17,267 - database_performance - INFO - Database performance monitoring initialized successfully
2025-08-19 10:13:03,431 - database_performance - INFO - Cache invalidated with pattern: availability_.*
2025-08-19 10:13:03,431 - database_performance - INFO - Cache invalidated with pattern: content_stats
2025-08-19 10:13:03,432 - database_performance - INFO - Cache invalidated with pattern: daily_availability_.*
2025-08-19 10:13:03,432 - database_performance - INFO - Cache invalidated with pattern: user_availability_2_.*
2025-08-19 10:13:03,433 - database_performance - INFO - Cache invalidated with pattern: daily_availability_2025-08-20
2025-08-19 10:13:03,434 - database_performance - INFO - Cache invalidated with pattern: availability_range_.*2025-08-20.*
2025-08-19 10:13:31,319 - database_performance - INFO - Cache invalidated with pattern: availability_.*
2025-08-19 10:13:31,319 - database_performance - INFO - Cache invalidated with pattern: content_stats
2025-08-19 10:13:31,319 - database_performance - INFO - Cache invalidated with pattern: daily_availability_.*
2025-08-19 10:13:31,320 - database_performance - INFO - Cache invalidated with pattern: user_availability_2_.*
2025-08-19 10:13:31,320 - database_performance - INFO - Cache invalidated with pattern: daily_availability_2025-08-20
2025-08-19 10:13:31,320 - database_performance - INFO - Cache invalidated with pattern: availability_range_.*2025-08-20.*
2025-08-19 10:15:39,032 - database_performance - INFO - Database query monitoring enabled
2025-08-19 10:15:39,032 - database_performance - INFO - Database connection pool optimized for SQLite
2025-08-19 10:15:39,032 - database_performance - INFO - Database performance monitoring initialized successfully
2025-08-19 10:15:49,852 - database_performance - INFO - Database query monitoring enabled
2025-08-19 10:15:49,852 - database_performance - INFO - Database connection pool optimized for SQLite
2025-08-19 10:15:49,853 - database_performance - INFO - Database performance monitoring initialized successfully
2025-08-19 10:15:50,456 - database_performance - INFO - Database query monitoring enabled
2025-08-19 10:15:50,456 - database_performance - INFO - Database connection pool optimized for SQLite
2025-08-19 10:15:50,457 - database_performance - INFO - Database performance monitoring initialized successfully
2025-08-19 10:16:12,420 - database_performance - INFO - Database query monitoring enabled
2025-08-19 10:16:12,420 - database_performance - INFO - Database connection pool optimized for SQLite
2025-08-19 10:16:12,421 - database_performance - INFO - Database performance monitoring initialized successfully
2025-08-19 10:16:13,011 - database_performance - INFO - Database query monitoring enabled
2025-08-19 10:16:13,011 - database_performance - INFO - Database connection pool optimized for SQLite
2025-08-19 10:16:13,012 - database_performance - INFO - Database performance monitoring initialized successfully
2025-08-19 10:17:59,581 - database_performance - INFO - Database query monitoring enabled
2025-08-19 10:17:59,582 - database_performance - INFO - Database connection pool optimized for SQLite
2025-08-19 10:17:59,582 - database_performance - INFO - Database performance monitoring initialized successfully
2025-08-19 10:18:40,174 - database_performance - INFO - Database query monitoring enabled
2025-08-19 10:18:40,174 - database_performance - INFO - Database connection pool optimized for SQLite
2025-08-19 10:18:40,175 - database_performance - INFO - Database performance monitoring initialized successfully
2025-08-19 10:18:40,800 - database_performance - INFO - Database query monitoring enabled
2025-08-19 10:18:40,800 - database_performance - INFO - Database connection pool optimized for SQLite
2025-08-19 10:18:40,801 - database_performance - INFO - Database performance monitoring initialized successfully
2025-08-19 10:20:14,313 - database_performance - INFO - Database query monitoring enabled
2025-08-19 10:20:14,314 - database_performance - INFO - Database connection pool optimized for SQLite
2025-08-19 10:20:14,314 - database_performance - INFO - Database performance monitoring initialized successfully
2025-08-19 10:20:40,104 - database_performance - INFO - Database query monitoring enabled
2025-08-19 10:20:40,105 - database_performance - INFO - Database connection pool optimized for SQLite
2025-08-19 10:20:40,105 - database_performance - INFO - Database performance monitoring initialized successfully
2025-08-19 10:21:04,242 - database_performance - INFO - Database query monitoring enabled
2025-08-19 10:21:04,242 - database_performance - INFO - Database connection pool optimized for SQLite
2025-08-19 10:21:04,242 - database_performance - INFO - Database performance monitoring initialized successfully
2025-08-19 10:21:04,929 - database_performance - INFO - Database query monitoring enabled
2025-08-19 10:21:04,930 - database_performance - INFO - Database connection pool optimized for SQLite
2025-08-19 10:21:04,930 - database_performance - INFO - Database performance monitoring initialized successfully
2025-08-19 10:21:58,578 - database_performance - INFO - Database query monitoring enabled
2025-08-19 10:21:58,579 - database_performance - INFO - Database connection pool optimized for SQLite
2025-08-19 10:21:58,579 - database_performance - INFO - Database performance monitoring initialized successfully
2025-08-19 10:21:59,437 - database_performance - INFO - Database query monitoring enabled
2025-08-19 10:21:59,438 - database_performance - INFO - Database connection pool optimized for SQLite
2025-08-19 10:21:59,438 - database_performance - INFO - Database performance monitoring initialized successfully
2025-08-19 10:22:23,085 - database_performance - INFO - Database query monitoring enabled
2025-08-19 10:22:23,085 - database_performance - INFO - Database connection pool optimized for SQLite
2025-08-19 10:22:23,086 - database_performance - INFO - Database performance monitoring initialized successfully
2025-08-19 10:22:32,175 - database_performance - INFO - Database query monitoring enabled
2025-08-19 10:22:32,175 - database_performance - INFO - Database connection pool optimized for SQLite
2025-08-19 10:22:32,176 - database_performance - INFO - Database performance monitoring initialized successfully
2025-08-19 10:23:03,968 - database_performance - INFO - Database query monitoring enabled
2025-08-19 10:23:03,968 - database_performance - INFO - Database connection pool optimized for SQLite
2025-08-19 10:23:03,969 - database_performance - INFO - Database performance monitoring initialized successfully
2025-08-19 10:23:45,006 - database_performance - INFO - Database query monitoring enabled
2025-08-19 10:23:45,007 - database_performance - INFO - Database connection pool optimized for SQLite
2025-08-19 10:23:45,008 - database_performance - INFO - Database performance monitoring initialized successfully
2025-08-19 10:23:45,832 - database_performance - INFO - Database query monitoring enabled
2025-08-19 10:23:45,832 - database_performance - INFO - Database connection pool optimized for SQLite
2025-08-19 10:23:45,833 - database_performance - INFO - Database performance monitoring initialized successfully
2025-08-19 10:24:06,431 - database_performance - INFO - Cache invalidated with pattern: availability_.*
2025-08-19 10:24:06,432 - database_performance - INFO - Cache invalidated with pattern: content_stats
2025-08-19 10:24:06,432 - database_performance - INFO - Cache invalidated with pattern: daily_availability_.*
2025-08-19 10:24:06,433 - database_performance - INFO - Cache invalidated with pattern: user_availability_2_.*
2025-08-19 10:24:06,434 - database_performance - INFO - Cache invalidated with pattern: daily_availability_2025-08-19
2025-08-19 10:24:06,434 - database_performance - INFO - Cache invalidated with pattern: availability_range_.*2025-08-19.*
